2019-12-30 21:43:08,289  INFO stat2018.log_4_net - rozpoczecie logowania 21:43:08
2019-12-30 21:43:12,995  INFO stat2018.log_4_net - blad logowania domenowego  21:43:12
2019-12-30 21:43:12,995  INFO stat2018.log_4_net - próba logowania z bazy  21:43:12
2019-12-30 21:43:13,009  INFO stat2018.log_4_net - Logowanie: identyfikator uzytkownika: test to 6
2019-12-30 21:43:13,009  INFO stat2018.log_4_net - logowania z bazy poprawne  21:43:13
2019-12-30 21:43:13,017  INFO stat2018.log_4_net - uruchomienie  redirector.aspx 21:43:13
2019-12-30 21:43:13,100  INFO stat2018.log_4_net - start redirektora  21:43:13
2019-12-30 21:43:13,107  INFO stat2018.log_4_net - start tworzenia Ste1   21:43:13
2019-12-30 21:43:13,107  INFO stat2018.log_4_net - start tworzenia menu  daneDoManuMiesieczne  21:43:13
2019-12-30 21:43:13,121  INFO stat2018.log_4_net -  getDataTable - parametetr name= @identyfikatorUzytkownika wartosc: 6
2019-12-30 21:43:13,182  INFO stat2018.log_4_net - start tworzenia menu  daneDoManuKontrolek 21:43:13
2019-12-30 21:43:13,192  INFO stat2018.log_4_net - naglowek getDataTable - parametetr name= @identyfikatorUzytkownika wartosc: 6
2019-12-30 21:43:13,208  INFO stat2018.log_4_net - start tworzenia menu  daneDoManuMSS 21:43:13
2019-12-30 21:43:13,215  INFO stat2018.log_4_net - Naglowki getDataTable - parametetr name= @identyfikatorUzytkownika wartosc: 6
2019-12-30 21:43:13,236  INFO stat2018.log_4_net - start tworzenia menu daneDoManuInne  21:43:13
2019-12-30 21:43:13,254  INFO stat2018.log_4_net - start tworzenia menu wyloguj  21:43:13
2019-12-30 21:43:13,257  INFO stat2018.log_4_net - Header: Rozpoczecie procedury tworzenia elementów menu wyloguj
2019-12-30 21:43:13,266  INFO stat2018.log_4_net - koniec tworzenia manu   21:43:13
2019-12-30 21:43:25,727  INFO stat2018.log_4_net - oktkr.aspx :Generowanie tabeli danych: Rozpoczecie
2019-12-30 21:43:25,735  INFO stat2018.log_4_net - oktkr.aspx :Generowanie tabeli danych: Wyciadniecie kwerend dla tabeli :1
2019-12-30 21:43:25,735  INFO stat2018.log_4_net - oktkr.aspx getDataTable - parametetr name= @id_tabeli wartosc: 1
2019-12-30 21:43:25,735  INFO stat2018.log_4_net - oktkr.aspx getDataTable - parametetr name= @id_dzialu wartosc: 2
2019-12-30 21:43:25,782  INFO stat2018.log_4_net - oktkr.aspx :Generowanie tabeli danych: Brak kwerend dla tabeli : 1
2019-12-30 21:43:25,784  INFO stat2018.log_4_net - oktkr.aspx Odwolanie do obiektu nie zostalo ustawione na wystapienie obiektu.
2019-12-30 21:43:25,784  INFO stat2018.log_4_net - oktkr.aspx :Generowanie tabeli danych: Rozpoczecie
2019-12-30 21:43:25,785  INFO stat2018.log_4_net - oktkr.aspx :Generowanie tabeli danych: Wyciadniecie kwerend dla tabeli :2
2019-12-30 21:43:25,785  INFO stat2018.log_4_net - oktkr.aspx getDataTable - parametetr name= @id_tabeli wartosc: 2
2019-12-30 21:43:25,785  INFO stat2018.log_4_net - oktkr.aspx getDataTable - parametetr name= @id_dzialu wartosc: 2
2019-12-30 21:43:25,796  INFO stat2018.log_4_net - oktkr.aspx :Generowanie tabeli danych: Ilosc kwerend wyciagajacych dla sedziów dla tabeli : 2 wynosi:1
2019-12-30 21:43:25,797  INFO stat2018.log_4_net - oktkr.aspx :Generowanie tabeli danych: Ilosc kwerend wyciagajacych dla danych dla tabeli : 2 wynosi:1
2019-12-30 21:43:25,797  INFO stat2018.log_4_net - oktkr.aspx :Generowanie tabeli danych: Wpisywanie danych sedziów dla tabeli : 2
2019-12-30 21:43:25,797  INFO stat2018.log_4_net - oktkr.aspx getDataTable - parametetr name= @data_1 wartosc: 2019-11-01
2019-12-30 21:43:25,797  INFO stat2018.log_4_net - oktkr.aspx getDataTable - parametetr name= @data_2 wartosc: 2019-11-30
2019-12-30 21:43:25,836  INFO stat2018.log_4_net - oktkr.aspx wpisywanie danych dla sedziów
2019-12-30 21:43:25,837  INFO stat2018.log_4_net - oktkr.aspx getDataTable - parametetr name= @data_1 wartosc: 2019-11-01
2019-12-30 21:43:25,837  INFO stat2018.log_4_net - oktkr.aspx getDataTable - parametetr name= @data_2 wartosc: 2019-11-30
2019-12-30 21:43:25,869  INFO stat2018.log_4_net - oktkr.aspx getDataTable - parametetr name= @data_1 wartosc: 2019-11-01
2019-12-30 21:43:25,870  INFO stat2018.log_4_net - oktkr.aspx getDataTable - parametetr name= @data_2 wartosc: 2019-11-30
2019-12-30 21:43:25,918  INFO stat2018.log_4_net - oktkr.aspx getDataTable - parametetr name= @data_1 wartosc: 2019-11-01
2019-12-30 21:43:25,918  INFO stat2018.log_4_net - oktkr.aspx getDataTable - parametetr name= @data_2 wartosc: 2019-11-30
2019-12-30 21:43:25,932  INFO stat2018.log_4_net - oktkr.aspx getDataTable - parametetr name= @data_1 wartosc: 2019-11-01
2019-12-30 21:43:25,932  INFO stat2018.log_4_net - oktkr.aspx getDataTable - parametetr name= @data_2 wartosc: 2019-11-30
2019-12-30 21:43:25,939  INFO stat2018.log_4_net - oktkr.aspx getDataTable - parametetr name= @data_1 wartosc: 2019-11-01
2019-12-30 21:43:25,939  INFO stat2018.log_4_net - oktkr.aspx getDataTable - parametetr name= @data_2 wartosc: 2019-11-30
2019-12-30 21:43:25,946  INFO stat2018.log_4_net - oktkr.aspx getDataTable - parametetr name= @data_1 wartosc: 2019-11-01
2019-12-30 21:43:25,946  INFO stat2018.log_4_net - oktkr.aspx getDataTable - parametetr name= @data_2 wartosc: 2019-11-30
2019-12-30 21:43:25,953  INFO stat2018.log_4_net - oktkr.aspx getDataTable - parametetr name= @data_1 wartosc: 2019-11-01
2019-12-30 21:43:25,953  INFO stat2018.log_4_net - oktkr.aspx getDataTable - parametetr name= @data_2 wartosc: 2019-11-30
2019-12-30 21:43:25,961  INFO stat2018.log_4_net - oktkr.aspx getDataTable - parametetr name= @data_1 wartosc: 2019-11-01
2019-12-30 21:43:25,961  INFO stat2018.log_4_net - oktkr.aspx getDataTable - parametetr name= @data_2 wartosc: 2019-11-30
2019-12-30 21:43:25,968  INFO stat2018.log_4_net - oktkr.aspx getDataTable - parametetr name= @data_1 wartosc: 2019-11-01
2019-12-30 21:43:25,968  INFO stat2018.log_4_net - oktkr.aspx getDataTable - parametetr name= @data_2 wartosc: 2019-11-30
2019-12-30 21:43:25,975  INFO stat2018.log_4_net - oktkr.aspx getDataTable - parametetr name= @data_1 wartosc: 2019-11-01
2019-12-30 21:43:25,976  INFO stat2018.log_4_net - oktkr.aspx getDataTable - parametetr name= @data_2 wartosc: 2019-11-30
2019-12-30 21:43:25,982  INFO stat2018.log_4_net - oktkr.aspx getDataTable - parametetr name= @data_1 wartosc: 2019-11-01
2019-12-30 21:43:25,982  INFO stat2018.log_4_net - oktkr.aspx getDataTable - parametetr name= @data_2 wartosc: 2019-11-30
2019-12-30 21:43:26,144  INFO stat2018.log_4_net - sumowanie w stopce : Okreslony argument jest spoza zakresu prawidlowych wartosci.
Nazwa parametru: index
2019-12-30 21:43:26,144  INFO stat2018.log_4_net - oktkr.aspx :Generowanie tabeli danych: Rozpoczecie
2019-12-30 21:43:26,145  INFO stat2018.log_4_net - oktkr.aspx :Generowanie tabeli danych: Wyciadniecie kwerend dla tabeli :3
2019-12-30 21:43:26,145  INFO stat2018.log_4_net - oktkr.aspx getDataTable - parametetr name= @id_tabeli wartosc: 3
2019-12-30 21:43:26,145  INFO stat2018.log_4_net - oktkr.aspx getDataTable - parametetr name= @id_dzialu wartosc: 2
2019-12-30 21:43:26,148  INFO stat2018.log_4_net - oktkr.aspx :Generowanie tabeli danych: Ilosc kwerend wyciagajacych dla sedziów dla tabeli : 3 wynosi:1
2019-12-30 21:43:26,149  INFO stat2018.log_4_net - oktkr.aspx :Generowanie tabeli danych: Ilosc kwerend wyciagajacych dla danych dla tabeli : 3 wynosi:1
2019-12-30 21:43:26,149  INFO stat2018.log_4_net - oktkr.aspx :Generowanie tabeli danych: Wpisywanie danych sedziów dla tabeli : 3
2019-12-30 21:43:26,149  INFO stat2018.log_4_net - oktkr.aspx getDataTable - parametetr name= @data_1 wartosc: 2019-11-01
2019-12-30 21:43:26,149  INFO stat2018.log_4_net - oktkr.aspx getDataTable - parametetr name= @data_2 wartosc: 2019-11-30
2019-12-30 21:43:26,156  INFO stat2018.log_4_net - oktkr.aspx wpisywanie danych dla sedziów
2019-12-30 21:43:26,156  INFO stat2018.log_4_net - oktkr.aspx getDataTable - parametetr name= @data_1 wartosc: 2019-11-01
2019-12-30 21:43:26,156  INFO stat2018.log_4_net - oktkr.aspx getDataTable - parametetr name= @data_2 wartosc: 2019-11-30
2019-12-30 21:43:26,174  INFO stat2018.log_4_net - oktkr.aspx getDataTable - parametetr name= @data_1 wartosc: 2019-11-01
2019-12-30 21:43:26,174  INFO stat2018.log_4_net - oktkr.aspx getDataTable - parametetr name= @data_2 wartosc: 2019-11-30
2019-12-30 21:43:26,183  INFO stat2018.log_4_net - oktkr.aspx getDataTable - parametetr name= @data_1 wartosc: 2019-11-01
2019-12-30 21:43:26,183  INFO stat2018.log_4_net - oktkr.aspx getDataTable - parametetr name= @data_2 wartosc: 2019-11-30
2019-12-30 21:43:26,193  INFO stat2018.log_4_net - oktkr.aspx getDataTable - parametetr name= @data_1 wartosc: 2019-11-01
2019-12-30 21:43:26,193  INFO stat2018.log_4_net - oktkr.aspx getDataTable - parametetr name= @data_2 wartosc: 2019-11-30
2019-12-30 21:43:26,204  INFO stat2018.log_4_net - oktkr.aspx getDataTable - parametetr name= @data_1 wartosc: 2019-11-01
2019-12-30 21:43:26,204  INFO stat2018.log_4_net - oktkr.aspx getDataTable - parametetr name= @data_2 wartosc: 2019-11-30
2019-12-30 21:43:26,213  INFO stat2018.log_4_net - oktkr.aspx getDataTable - parametetr name= @data_1 wartosc: 2019-11-01
2019-12-30 21:43:26,213  INFO stat2018.log_4_net - oktkr.aspx getDataTable - parametetr name= @data_2 wartosc: 2019-11-30
2019-12-30 21:43:26,223  INFO stat2018.log_4_net - oktkr.aspx getDataTable - parametetr name= @data_1 wartosc: 2019-11-01
2019-12-30 21:43:26,223  INFO stat2018.log_4_net - oktkr.aspx getDataTable - parametetr name= @data_2 wartosc: 2019-11-30
2019-12-30 21:43:26,232  INFO stat2018.log_4_net - oktkr.aspx getDataTable - parametetr name= @data_1 wartosc: 2019-11-01
2019-12-30 21:43:26,232  INFO stat2018.log_4_net - oktkr.aspx getDataTable - parametetr name= @data_2 wartosc: 2019-11-30
2019-12-30 21:43:26,244  INFO stat2018.log_4_net - oktkr.aspx getDataTable - parametetr name= @data_1 wartosc: 2019-11-01
2019-12-30 21:43:26,244  INFO stat2018.log_4_net - oktkr.aspx getDataTable - parametetr name= @data_2 wartosc: 2019-11-30
2019-12-30 21:43:26,406  INFO stat2018.log_4_net - sumowanie w stopce : Okreslony argument jest spoza zakresu prawidlowych wartosci.
Nazwa parametru: index
2019-12-30 21:43:26,428  INFO stat2018.log_4_net - start tworzenia Ste1   21:43:26
2019-12-30 21:43:26,428  INFO stat2018.log_4_net - start tworzenia menu   21:43:26
2019-12-30 21:43:26,429  INFO stat2018.log_4_net - koniec tworzenia manu   21:43:26
2019-12-30 21:43:32,185  INFO stat2018.log_4_net - start tworzenia Ste1   21:43:32
2019-12-30 21:43:32,194  INFO stat2018.log_4_net - oktkr.aspx :Generowanie tabeli danych: Rozpoczecie
2019-12-30 21:43:32,195  INFO stat2018.log_4_net - oktkr.aspx :Generowanie tabeli danych: Wyciadniecie kwerend dla tabeli :1
2019-12-30 21:43:32,195  INFO stat2018.log_4_net - oktkr.aspx getDataTable - parametetr name= @id_tabeli wartosc: 1
2019-12-30 21:43:32,195  INFO stat2018.log_4_net - oktkr.aspx getDataTable - parametetr name= @id_dzialu wartosc: 2
2019-12-30 21:43:32,197  INFO stat2018.log_4_net - oktkr.aspx :Generowanie tabeli danych: Brak kwerend dla tabeli : 1
2019-12-30 21:43:32,197  INFO stat2018.log_4_net - oktkr.aspx Odwolanie do obiektu nie zostalo ustawione na wystapienie obiektu.
2019-12-30 21:43:32,198  INFO stat2018.log_4_net - oktkr.aspx :Generowanie tabeli danych: Rozpoczecie
2019-12-30 21:43:32,198  INFO stat2018.log_4_net - oktkr.aspx :Generowanie tabeli danych: Wyciadniecie kwerend dla tabeli :2
2019-12-30 21:43:32,198  INFO stat2018.log_4_net - oktkr.aspx getDataTable - parametetr name= @id_tabeli wartosc: 2
2019-12-30 21:43:32,198  INFO stat2018.log_4_net - oktkr.aspx getDataTable - parametetr name= @id_dzialu wartosc: 2
2019-12-30 21:43:32,202  INFO stat2018.log_4_net - oktkr.aspx :Generowanie tabeli danych: Ilosc kwerend wyciagajacych dla sedziów dla tabeli : 2 wynosi:1
2019-12-30 21:43:32,202  INFO stat2018.log_4_net - oktkr.aspx :Generowanie tabeli danych: Ilosc kwerend wyciagajacych dla danych dla tabeli : 2 wynosi:1
2019-12-30 21:43:32,202  INFO stat2018.log_4_net - oktkr.aspx :Generowanie tabeli danych: Wpisywanie danych sedziów dla tabeli : 2
2019-12-30 21:43:32,202  INFO stat2018.log_4_net - oktkr.aspx getDataTable - parametetr name= @data_1 wartosc: 2019-11-01
2019-12-30 21:43:32,202  INFO stat2018.log_4_net - oktkr.aspx getDataTable - parametetr name= @data_2 wartosc: 2019-11-30
2019-12-30 21:43:32,208  INFO stat2018.log_4_net - oktkr.aspx wpisywanie danych dla sedziów
2019-12-30 21:43:32,208  INFO stat2018.log_4_net - oktkr.aspx getDataTable - parametetr name= @data_1 wartosc: 2019-11-01
2019-12-30 21:43:32,208  INFO stat2018.log_4_net - oktkr.aspx getDataTable - parametetr name= @data_2 wartosc: 2019-11-30
2019-12-30 21:43:32,209  INFO stat2018.log_4_net - oktkr.aspx getDataTable - parametetr name= @data_1 wartosc: 2019-11-01
2019-12-30 21:43:32,209  INFO stat2018.log_4_net - oktkr.aspx getDataTable - parametetr name= @data_2 wartosc: 2019-11-30
2019-12-30 21:43:32,210  INFO stat2018.log_4_net - oktkr.aspx getDataTable - parametetr name= @data_1 wartosc: 2019-11-01
2019-12-30 21:43:32,210  INFO stat2018.log_4_net - oktkr.aspx getDataTable - parametetr name= @data_2 wartosc: 2019-11-30
2019-12-30 21:43:32,210  INFO stat2018.log_4_net - oktkr.aspx getDataTable - parametetr name= @data_1 wartosc: 2019-11-01
2019-12-30 21:43:32,210  INFO stat2018.log_4_net - oktkr.aspx getDataTable - parametetr name= @data_2 wartosc: 2019-11-30
2019-12-30 21:43:32,211  INFO stat2018.log_4_net - oktkr.aspx getDataTable - parametetr name= @data_1 wartosc: 2019-11-01
2019-12-30 21:43:32,211  INFO stat2018.log_4_net - oktkr.aspx getDataTable - parametetr name= @data_2 wartosc: 2019-11-30
2019-12-30 21:43:32,211  INFO stat2018.log_4_net - oktkr.aspx getDataTable - parametetr name= @data_1 wartosc: 2019-11-01
2019-12-30 21:43:32,211  INFO stat2018.log_4_net - oktkr.aspx getDataTable - parametetr name= @data_2 wartosc: 2019-11-30
2019-12-30 21:43:32,212  INFO stat2018.log_4_net - oktkr.aspx getDataTable - parametetr name= @data_1 wartosc: 2019-11-01
2019-12-30 21:43:32,212  INFO stat2018.log_4_net - oktkr.aspx getDataTable - parametetr name= @data_2 wartosc: 2019-11-30
2019-12-30 21:43:32,213  INFO stat2018.log_4_net - oktkr.aspx getDataTable - parametetr name= @data_1 wartosc: 2019-11-01
2019-12-30 21:43:32,213  INFO stat2018.log_4_net - oktkr.aspx getDataTable - parametetr name= @data_2 wartosc: 2019-11-30
2019-12-30 21:43:32,213  INFO stat2018.log_4_net - oktkr.aspx getDataTable - parametetr name= @data_1 wartosc: 2019-11-01
2019-12-30 21:43:32,213  INFO stat2018.log_4_net - oktkr.aspx getDataTable - parametetr name= @data_2 wartosc: 2019-11-30
2019-12-30 21:43:32,214  INFO stat2018.log_4_net - oktkr.aspx getDataTable - parametetr name= @data_1 wartosc: 2019-11-01
2019-12-30 21:43:32,214  INFO stat2018.log_4_net - oktkr.aspx getDataTable - parametetr name= @data_2 wartosc: 2019-11-30
2019-12-30 21:43:32,215  INFO stat2018.log_4_net - oktkr.aspx getDataTable - parametetr name= @data_1 wartosc: 2019-11-01
2019-12-30 21:43:32,215  INFO stat2018.log_4_net - oktkr.aspx getDataTable - parametetr name= @data_2 wartosc: 2019-11-30
2019-12-30 21:43:32,220  INFO stat2018.log_4_net - sumowanie w stopce : Okreslony argument jest spoza zakresu prawidlowych wartosci.
Nazwa parametru: index
2019-12-30 21:43:32,220  INFO stat2018.log_4_net - oktkr.aspx :Generowanie tabeli danych: Rozpoczecie
2019-12-30 21:43:32,221  INFO stat2018.log_4_net - oktkr.aspx :Generowanie tabeli danych: Wyciadniecie kwerend dla tabeli :3
2019-12-30 21:43:32,221  INFO stat2018.log_4_net - oktkr.aspx getDataTable - parametetr name= @id_tabeli wartosc: 3
2019-12-30 21:43:32,221  INFO stat2018.log_4_net - oktkr.aspx getDataTable - parametetr name= @id_dzialu wartosc: 2
2019-12-30 21:43:32,224  INFO stat2018.log_4_net - oktkr.aspx :Generowanie tabeli danych: Ilosc kwerend wyciagajacych dla sedziów dla tabeli : 3 wynosi:1
2019-12-30 21:43:32,224  INFO stat2018.log_4_net - oktkr.aspx :Generowanie tabeli danych: Ilosc kwerend wyciagajacych dla danych dla tabeli : 3 wynosi:1
2019-12-30 21:43:32,224  INFO stat2018.log_4_net - oktkr.aspx :Generowanie tabeli danych: Wpisywanie danych sedziów dla tabeli : 3
2019-12-30 21:43:32,224  INFO stat2018.log_4_net - oktkr.aspx getDataTable - parametetr name= @data_1 wartosc: 2019-11-01
2019-12-30 21:43:32,224  INFO stat2018.log_4_net - oktkr.aspx getDataTable - parametetr name= @data_2 wartosc: 2019-11-30
2019-12-30 21:43:32,231  INFO stat2018.log_4_net - oktkr.aspx wpisywanie danych dla sedziów
2019-12-30 21:43:32,231  INFO stat2018.log_4_net - oktkr.aspx getDataTable - parametetr name= @data_1 wartosc: 2019-11-01
2019-12-30 21:43:32,231  INFO stat2018.log_4_net - oktkr.aspx getDataTable - parametetr name= @data_2 wartosc: 2019-11-30
2019-12-30 21:43:32,232  INFO stat2018.log_4_net - oktkr.aspx getDataTable - parametetr name= @data_1 wartosc: 2019-11-01
2019-12-30 21:43:32,232  INFO stat2018.log_4_net - oktkr.aspx getDataTable - parametetr name= @data_2 wartosc: 2019-11-30
2019-12-30 21:43:32,234  INFO stat2018.log_4_net - oktkr.aspx getDataTable - parametetr name= @data_1 wartosc: 2019-11-01
2019-12-30 21:43:32,234  INFO stat2018.log_4_net - oktkr.aspx getDataTable - parametetr name= @data_2 wartosc: 2019-11-30
2019-12-30 21:43:32,237  INFO stat2018.log_4_net - oktkr.aspx getDataTable - parametetr name= @data_1 wartosc: 2019-11-01
2019-12-30 21:43:32,237  INFO stat2018.log_4_net - oktkr.aspx getDataTable - parametetr name= @data_2 wartosc: 2019-11-30
2019-12-30 21:43:32,238  INFO stat2018.log_4_net - oktkr.aspx getDataTable - parametetr name= @data_1 wartosc: 2019-11-01
2019-12-30 21:43:32,238  INFO stat2018.log_4_net - oktkr.aspx getDataTable - parametetr name= @data_2 wartosc: 2019-11-30
2019-12-30 21:43:32,239  INFO stat2018.log_4_net - oktkr.aspx getDataTable - parametetr name= @data_1 wartosc: 2019-11-01
2019-12-30 21:43:32,239  INFO stat2018.log_4_net - oktkr.aspx getDataTable - parametetr name= @data_2 wartosc: 2019-11-30
2019-12-30 21:43:32,240  INFO stat2018.log_4_net - oktkr.aspx getDataTable - parametetr name= @data_1 wartosc: 2019-11-01
2019-12-30 21:43:32,240  INFO stat2018.log_4_net - oktkr.aspx getDataTable - parametetr name= @data_2 wartosc: 2019-11-30
2019-12-30 21:43:32,241  INFO stat2018.log_4_net - oktkr.aspx getDataTable - parametetr name= @data_1 wartosc: 2019-11-01
2019-12-30 21:43:32,241  INFO stat2018.log_4_net - oktkr.aspx getDataTable - parametetr name= @data_2 wartosc: 2019-11-30
2019-12-30 21:43:32,242  INFO stat2018.log_4_net - oktkr.aspx getDataTable - parametetr name= @data_1 wartosc: 2019-11-01
2019-12-30 21:43:32,242  INFO stat2018.log_4_net - oktkr.aspx getDataTable - parametetr name= @data_2 wartosc: 2019-11-30
2019-12-30 21:43:32,251  INFO stat2018.log_4_net - sumowanie w stopce : Okreslony argument jest spoza zakresu prawidlowych wartosci.
Nazwa parametru: index
2019-12-30 21:45:19,021  INFO stat2018.log_4_net - rozpoczecie logowania 21:45:19
2019-12-30 21:45:19,038  INFO stat2018.log_4_net - rozpoczecie logowania 21:45:19
2019-12-30 21:45:23,726  INFO stat2018.log_4_net - blad logowania domenowego  21:45:23
2019-12-30 21:45:23,726  INFO stat2018.log_4_net - próba logowania z bazy  21:45:23
2019-12-30 21:45:23,731  INFO stat2018.log_4_net - Logowanie: identyfikator uzytkownika: test to 6
2019-12-30 21:45:23,731  INFO stat2018.log_4_net - logowania z bazy poprawne  21:45:23
2019-12-30 21:45:23,733  INFO stat2018.log_4_net - blad logowania domenowego  21:45:23
2019-12-30 21:45:23,733  INFO stat2018.log_4_net - próba logowania z bazy  21:45:23
2019-12-30 21:45:23,738  INFO stat2018.log_4_net - uruchomienie  redirector.aspx 21:45:23
2019-12-30 21:45:23,744  INFO stat2018.log_4_net - start redirektora  21:45:23
2019-12-30 21:45:23,744  INFO stat2018.log_4_net - start tworzenia Ste1   21:45:23
2019-12-30 21:45:23,744  INFO stat2018.log_4_net - start tworzenia menu  daneDoManuMiesieczne  21:45:23
2019-12-30 21:45:23,747  INFO stat2018.log_4_net -  getDataTable - parametetr name= @identyfikatorUzytkownika wartosc: 6
2019-12-30 21:45:23,758  INFO stat2018.log_4_net - Logowanie: identyfikator uzytkownika: test to 6
2019-12-30 21:45:23,758  INFO stat2018.log_4_net - logowania z bazy poprawne  21:45:23
2019-12-30 21:45:23,759  INFO stat2018.log_4_net - uruchomienie  redirector.aspx 21:45:23
2019-12-30 21:45:23,761  INFO stat2018.log_4_net - start redirektora  21:45:23
2019-12-30 21:45:23,761  INFO stat2018.log_4_net - start tworzenia Ste1   21:45:23
2019-12-30 21:45:23,761  INFO stat2018.log_4_net - start tworzenia menu  daneDoManuMiesieczne  21:45:23
2019-12-30 21:45:23,762  INFO stat2018.log_4_net -  getDataTable - parametetr name= @identyfikatorUzytkownika wartosc: 6
2019-12-30 21:45:23,769  INFO stat2018.log_4_net - start tworzenia menu  daneDoManuKontrolek 21:45:23
2019-12-30 21:45:23,770  INFO stat2018.log_4_net - naglowek getDataTable - parametetr name= @identyfikatorUzytkownika wartosc: 6
2019-12-30 21:45:23,774  INFO stat2018.log_4_net - start tworzenia menu  daneDoManuMSS 21:45:23
2019-12-30 21:45:23,775  INFO stat2018.log_4_net - Naglowki getDataTable - parametetr name= @identyfikatorUzytkownika wartosc: 6
2019-12-30 21:45:23,782  INFO stat2018.log_4_net - start tworzenia menu  daneDoManuKontrolek 21:45:23
2019-12-30 21:45:23,782  INFO stat2018.log_4_net - naglowek getDataTable - parametetr name= @identyfikatorUzytkownika wartosc: 6
2019-12-30 21:45:23,788  INFO stat2018.log_4_net - start tworzenia menu daneDoManuInne  21:45:23
2019-12-30 21:45:23,790  INFO stat2018.log_4_net - start tworzenia menu  daneDoManuMSS 21:45:23
2019-12-30 21:45:23,792  INFO stat2018.log_4_net - Naglowki getDataTable - parametetr name= @identyfikatorUzytkownika wartosc: 6
2019-12-30 21:45:23,793  INFO stat2018.log_4_net - start tworzenia menu daneDoManuInne  21:45:23
2019-12-30 21:45:23,800  INFO stat2018.log_4_net - start tworzenia menu wyloguj  21:45:23
2019-12-30 21:45:23,800  INFO stat2018.log_4_net - Header: Rozpoczecie procedury tworzenia elementów menu wyloguj
2019-12-30 21:45:23,804  INFO stat2018.log_4_net - koniec tworzenia manu   21:45:23
2019-12-30 21:45:23,830  INFO stat2018.log_4_net - start tworzenia menu wyloguj  21:45:23
2019-12-30 21:45:23,830  INFO stat2018.log_4_net - Header: Rozpoczecie procedury tworzenia elementów menu wyloguj
2019-12-30 21:45:23,832  INFO stat2018.log_4_net - koniec tworzenia manu   21:45:23
2019-12-30 21:45:35,005  INFO stat2018.log_4_net - oktkr.aspx :Generowanie tabeli danych: Rozpoczecie
2019-12-30 21:45:35,015  INFO stat2018.log_4_net - oktkr.aspx :Generowanie tabeli danych: Wyciadniecie kwerend dla tabeli :1
2019-12-30 21:45:35,017  INFO stat2018.log_4_net - oktkr.aspx getDataTable - parametetr name= @id_tabeli wartosc: 1
2019-12-30 21:45:35,017  INFO stat2018.log_4_net - oktkr.aspx getDataTable - parametetr name= @id_dzialu wartosc: 2
2019-12-30 21:45:35,027  INFO stat2018.log_4_net - oktkr.aspx :Generowanie tabeli danych: Brak kwerend dla tabeli : 1
2019-12-30 21:45:35,027  INFO stat2018.log_4_net - oktkr.aspx Odwolanie do obiektu nie zostalo ustawione na wystapienie obiektu.
2019-12-30 21:45:35,027  INFO stat2018.log_4_net - oktkr.aspx :Generowanie tabeli danych: Rozpoczecie
2019-12-30 21:45:35,028  INFO stat2018.log_4_net - oktkr.aspx :Generowanie tabeli danych: Wyciadniecie kwerend dla tabeli :2
2019-12-30 21:45:35,028  INFO stat2018.log_4_net - oktkr.aspx getDataTable - parametetr name= @id_tabeli wartosc: 2
2019-12-30 21:45:35,029  INFO stat2018.log_4_net - oktkr.aspx getDataTable - parametetr name= @id_dzialu wartosc: 2
2019-12-30 21:45:35,035  INFO stat2018.log_4_net - oktkr.aspx :Generowanie tabeli danych: Ilosc kwerend wyciagajacych dla sedziów dla tabeli : 2 wynosi:1
2019-12-30 21:45:35,036  INFO stat2018.log_4_net - oktkr.aspx :Generowanie tabeli danych: Ilosc kwerend wyciagajacych dla danych dla tabeli : 2 wynosi:1
2019-12-30 21:45:35,036  INFO stat2018.log_4_net - oktkr.aspx :Generowanie tabeli danych: Wpisywanie danych sedziów dla tabeli : 2
2019-12-30 21:45:35,036  INFO stat2018.log_4_net - oktkr.aspx getDataTable - parametetr name= @data_1 wartosc: 2019-11-01
2019-12-30 21:45:35,036  INFO stat2018.log_4_net - oktkr.aspx getDataTable - parametetr name= @data_2 wartosc: 2019-11-30
2019-12-30 21:45:35,059  INFO stat2018.log_4_net - oktkr.aspx wpisywanie danych dla sedziów
2019-12-30 21:45:35,059  INFO stat2018.log_4_net - oktkr.aspx getDataTable - parametetr name= @data_1 wartosc: 2019-11-01
2019-12-30 21:45:35,059  INFO stat2018.log_4_net - oktkr.aspx getDataTable - parametetr name= @data_2 wartosc: 2019-11-30
2019-12-30 21:45:35,078  INFO stat2018.log_4_net - oktkr.aspx getDataTable - parametetr name= @data_1 wartosc: 2019-11-01
2019-12-30 21:45:35,078  INFO stat2018.log_4_net - oktkr.aspx getDataTable - parametetr name= @data_2 wartosc: 2019-11-30
2019-12-30 21:45:35,122  INFO stat2018.log_4_net - oktkr.aspx getDataTable - parametetr name= @data_1 wartosc: 2019-11-01
2019-12-30 21:45:35,123  INFO stat2018.log_4_net - oktkr.aspx getDataTable - parametetr name= @data_2 wartosc: 2019-11-30
2019-12-30 21:45:35,132  INFO stat2018.log_4_net - oktkr.aspx getDataTable - parametetr name= @data_1 wartosc: 2019-11-01
2019-12-30 21:45:35,132  INFO stat2018.log_4_net - oktkr.aspx getDataTable - parametetr name= @data_2 wartosc: 2019-11-30
2019-12-30 21:45:35,142  INFO stat2018.log_4_net - oktkr.aspx getDataTable - parametetr name= @data_1 wartosc: 2019-11-01
2019-12-30 21:45:35,142  INFO stat2018.log_4_net - oktkr.aspx getDataTable - parametetr name= @data_2 wartosc: 2019-11-30
2019-12-30 21:45:35,151  INFO stat2018.log_4_net - oktkr.aspx getDataTable - parametetr name= @data_1 wartosc: 2019-11-01
2019-12-30 21:45:35,151  INFO stat2018.log_4_net - oktkr.aspx getDataTable - parametetr name= @data_2 wartosc: 2019-11-30
2019-12-30 21:45:35,159  INFO stat2018.log_4_net - oktkr.aspx getDataTable - parametetr name= @data_1 wartosc: 2019-11-01
2019-12-30 21:45:35,159  INFO stat2018.log_4_net - oktkr.aspx getDataTable - parametetr name= @data_2 wartosc: 2019-11-30
2019-12-30 21:45:35,168  INFO stat2018.log_4_net - oktkr.aspx getDataTable - parametetr name= @data_1 wartosc: 2019-11-01
2019-12-30 21:45:35,168  INFO stat2018.log_4_net - oktkr.aspx getDataTable - parametetr name= @data_2 wartosc: 2019-11-30
2019-12-30 21:45:35,175  INFO stat2018.log_4_net - oktkr.aspx getDataTable - parametetr name= @data_1 wartosc: 2019-11-01
2019-12-30 21:45:35,175  INFO stat2018.log_4_net - oktkr.aspx getDataTable - parametetr name= @data_2 wartosc: 2019-11-30
2019-12-30 21:45:35,182  INFO stat2018.log_4_net - oktkr.aspx getDataTable - parametetr name= @data_1 wartosc: 2019-11-01
2019-12-30 21:45:35,182  INFO stat2018.log_4_net - oktkr.aspx getDataTable - parametetr name= @data_2 wartosc: 2019-11-30
2019-12-30 21:45:35,191  INFO stat2018.log_4_net - oktkr.aspx getDataTable - parametetr name= @data_1 wartosc: 2019-11-01
2019-12-30 21:45:35,192  INFO stat2018.log_4_net - oktkr.aspx getDataTable - parametetr name= @data_2 wartosc: 2019-11-30
2019-12-30 21:45:35,208  INFO stat2018.log_4_net - sumowanie w stopce : Okreslony argument jest spoza zakresu prawidlowych wartosci.
Nazwa parametru: index
2019-12-30 21:45:35,209  INFO stat2018.log_4_net - oktkr.aspx :Generowanie tabeli danych: Rozpoczecie
2019-12-30 21:45:35,210  INFO stat2018.log_4_net - oktkr.aspx :Generowanie tabeli danych: Wyciadniecie kwerend dla tabeli :3
2019-12-30 21:45:35,210  INFO stat2018.log_4_net - oktkr.aspx getDataTable - parametetr name= @id_tabeli wartosc: 3
2019-12-30 21:45:35,210  INFO stat2018.log_4_net - oktkr.aspx getDataTable - parametetr name= @id_dzialu wartosc: 2
2019-12-30 21:45:35,216  INFO stat2018.log_4_net - oktkr.aspx :Generowanie tabeli danych: Ilosc kwerend wyciagajacych dla sedziów dla tabeli : 3 wynosi:1
2019-12-30 21:45:35,216  INFO stat2018.log_4_net - oktkr.aspx :Generowanie tabeli danych: Ilosc kwerend wyciagajacych dla danych dla tabeli : 3 wynosi:1
2019-12-30 21:45:35,216  INFO stat2018.log_4_net - oktkr.aspx :Generowanie tabeli danych: Wpisywanie danych sedziów dla tabeli : 3
2019-12-30 21:45:35,216  INFO stat2018.log_4_net - oktkr.aspx getDataTable - parametetr name= @data_1 wartosc: 2019-11-01
2019-12-30 21:45:35,216  INFO stat2018.log_4_net - oktkr.aspx getDataTable - parametetr name= @data_2 wartosc: 2019-11-30
2019-12-30 21:45:35,226  INFO stat2018.log_4_net - oktkr.aspx wpisywanie danych dla sedziów
2019-12-30 21:45:35,226  INFO stat2018.log_4_net - oktkr.aspx getDataTable - parametetr name= @data_1 wartosc: 2019-11-01
2019-12-30 21:45:35,226  INFO stat2018.log_4_net - oktkr.aspx getDataTable - parametetr name= @data_2 wartosc: 2019-11-30
2019-12-30 21:45:35,244  INFO stat2018.log_4_net - oktkr.aspx getDataTable - parametetr name= @data_1 wartosc: 2019-11-01
2019-12-30 21:45:35,245  INFO stat2018.log_4_net - oktkr.aspx getDataTable - parametetr name= @data_2 wartosc: 2019-11-30
2019-12-30 21:45:35,263  INFO stat2018.log_4_net - oktkr.aspx getDataTable - parametetr name= @data_1 wartosc: 2019-11-01
2019-12-30 21:45:35,263  INFO stat2018.log_4_net - oktkr.aspx getDataTable - parametetr name= @data_2 wartosc: 2019-11-30
2019-12-30 21:45:35,282  INFO stat2018.log_4_net - oktkr.aspx getDataTable - parametetr name= @data_1 wartosc: 2019-11-01
2019-12-30 21:45:35,282  INFO stat2018.log_4_net - oktkr.aspx getDataTable - parametetr name= @data_2 wartosc: 2019-11-30
2019-12-30 21:45:35,305  INFO stat2018.log_4_net - oktkr.aspx getDataTable - parametetr name= @data_1 wartosc: 2019-11-01
2019-12-30 21:45:35,305  INFO stat2018.log_4_net - oktkr.aspx getDataTable - parametetr name= @data_2 wartosc: 2019-11-30
2019-12-30 21:45:35,326  INFO stat2018.log_4_net - oktkr.aspx getDataTable - parametetr name= @data_1 wartosc: 2019-11-01
2019-12-30 21:45:35,326  INFO stat2018.log_4_net - oktkr.aspx getDataTable - parametetr name= @data_2 wartosc: 2019-11-30
2019-12-30 21:45:35,340  INFO stat2018.log_4_net - oktkr.aspx getDataTable - parametetr name= @data_1 wartosc: 2019-11-01
2019-12-30 21:45:35,340  INFO stat2018.log_4_net - oktkr.aspx getDataTable - parametetr name= @data_2 wartosc: 2019-11-30
2019-12-30 21:45:35,357  INFO stat2018.log_4_net - oktkr.aspx getDataTable - parametetr name= @data_1 wartosc: 2019-11-01
2019-12-30 21:45:35,357  INFO stat2018.log_4_net - oktkr.aspx getDataTable - parametetr name= @data_2 wartosc: 2019-11-30
2019-12-30 21:45:35,380  INFO stat2018.log_4_net - oktkr.aspx getDataTable - parametetr name= @data_1 wartosc: 2019-11-01
2019-12-30 21:45:35,381  INFO stat2018.log_4_net - oktkr.aspx getDataTable - parametetr name= @data_2 wartosc: 2019-11-30
2019-12-30 21:45:35,510  INFO stat2018.log_4_net - sumowanie w stopce : Okreslony argument jest spoza zakresu prawidlowych wartosci.
Nazwa parametru: index
2019-12-30 21:45:35,540  INFO stat2018.log_4_net - start tworzenia Ste1   21:45:35
2019-12-30 21:45:35,540  INFO stat2018.log_4_net - start tworzenia menu   21:45:35
2019-12-30 21:45:35,573  INFO stat2018.log_4_net - koniec tworzenia manu   21:45:35
2019-12-30 21:45:43,009  INFO stat2018.log_4_net - start tworzenia Ste1   21:45:43
2019-12-30 21:45:43,026  INFO stat2018.log_4_net - oktkr.aspx :Generowanie tabeli danych: Rozpoczecie
2019-12-30 21:45:43,036  INFO stat2018.log_4_net - oktkr.aspx :Generowanie tabeli danych: Wyciadniecie kwerend dla tabeli :1
2019-12-30 21:45:43,037  INFO stat2018.log_4_net - oktkr.aspx getDataTable - parametetr name= @id_tabeli wartosc: 1
2019-12-30 21:45:43,037  INFO stat2018.log_4_net - oktkr.aspx getDataTable - parametetr name= @id_dzialu wartosc: 2
2019-12-30 21:45:43,061  INFO stat2018.log_4_net - oktkr.aspx :Generowanie tabeli danych: Brak kwerend dla tabeli : 1
2019-12-30 21:45:43,062  INFO stat2018.log_4_net - oktkr.aspx Odwolanie do obiektu nie zostalo ustawione na wystapienie obiektu.
2019-12-30 21:45:43,062  INFO stat2018.log_4_net - oktkr.aspx :Generowanie tabeli danych: Rozpoczecie
2019-12-30 21:45:43,067  INFO stat2018.log_4_net - oktkr.aspx :Generowanie tabeli danych: Wyciadniecie kwerend dla tabeli :2
2019-12-30 21:45:43,067  INFO stat2018.log_4_net - oktkr.aspx getDataTable - parametetr name= @id_tabeli wartosc: 2
2019-12-30 21:45:43,067  INFO stat2018.log_4_net - oktkr.aspx getDataTable - parametetr name= @id_dzialu wartosc: 2
2019-12-30 21:45:43,072  INFO stat2018.log_4_net - oktkr.aspx :Generowanie tabeli danych: Ilosc kwerend wyciagajacych dla sedziów dla tabeli : 2 wynosi:1
2019-12-30 21:45:43,073  INFO stat2018.log_4_net - oktkr.aspx :Generowanie tabeli danych: Ilosc kwerend wyciagajacych dla danych dla tabeli : 2 wynosi:1
2019-12-30 21:45:43,073  INFO stat2018.log_4_net - oktkr.aspx :Generowanie tabeli danych: Wpisywanie danych sedziów dla tabeli : 2
2019-12-30 21:45:43,073  INFO stat2018.log_4_net - oktkr.aspx getDataTable - parametetr name= @data_1 wartosc: 2019-11-01
2019-12-30 21:45:43,073  INFO stat2018.log_4_net - oktkr.aspx getDataTable - parametetr name= @data_2 wartosc: 2019-11-30
2019-12-30 21:45:43,223  INFO stat2018.log_4_net - oktkr.aspx wpisywanie danych dla sedziów
2019-12-30 21:45:43,224  INFO stat2018.log_4_net - oktkr.aspx getDataTable - parametetr name= @data_1 wartosc: 2019-11-01
2019-12-30 21:45:43,224  INFO stat2018.log_4_net - oktkr.aspx getDataTable - parametetr name= @data_2 wartosc: 2019-11-30
2019-12-30 21:45:43,251  INFO stat2018.log_4_net - oktkr.aspx getDataTable - parametetr name= @data_1 wartosc: 2019-11-01
2019-12-30 21:45:43,251  INFO stat2018.log_4_net - oktkr.aspx getDataTable - parametetr name= @data_2 wartosc: 2019-11-30
2019-12-30 21:45:43,316  INFO stat2018.log_4_net - oktkr.aspx getDataTable - parametetr name= @data_1 wartosc: 2019-11-01
2019-12-30 21:45:43,316  INFO stat2018.log_4_net - oktkr.aspx getDataTable - parametetr name= @data_2 wartosc: 2019-11-30
2019-12-30 21:45:43,336  INFO stat2018.log_4_net - oktkr.aspx getDataTable - parametetr name= @data_1 wartosc: 2019-11-01
2019-12-30 21:45:43,336  INFO stat2018.log_4_net - oktkr.aspx getDataTable - parametetr name= @data_2 wartosc: 2019-11-30
2019-12-30 21:45:43,347  INFO stat2018.log_4_net - oktkr.aspx getDataTable - parametetr name= @data_1 wartosc: 2019-11-01
2019-12-30 21:45:43,347  INFO stat2018.log_4_net - oktkr.aspx getDataTable - parametetr name= @data_2 wartosc: 2019-11-30
2019-12-30 21:45:43,355  INFO stat2018.log_4_net - oktkr.aspx getDataTable - parametetr name= @data_1 wartosc: 2019-11-01
2019-12-30 21:45:43,355  INFO stat2018.log_4_net - oktkr.aspx getDataTable - parametetr name= @data_2 wartosc: 2019-11-30
2019-12-30 21:45:43,376  INFO stat2018.log_4_net - oktkr.aspx getDataTable - parametetr name= @data_1 wartosc: 2019-11-01
2019-12-30 21:45:43,376  INFO stat2018.log_4_net - oktkr.aspx getDataTable - parametetr name= @data_2 wartosc: 2019-11-30
2019-12-30 21:45:43,384  INFO stat2018.log_4_net - oktkr.aspx getDataTable - parametetr name= @data_1 wartosc: 2019-11-01
2019-12-30 21:45:43,384  INFO stat2018.log_4_net - oktkr.aspx getDataTable - parametetr name= @data_2 wartosc: 2019-11-30
2019-12-30 21:45:43,394  INFO stat2018.log_4_net - oktkr.aspx getDataTable - parametetr name= @data_1 wartosc: 2019-11-01
2019-12-30 21:45:43,394  INFO stat2018.log_4_net - oktkr.aspx getDataTable - parametetr name= @data_2 wartosc: 2019-11-30
2019-12-30 21:45:43,409  INFO stat2018.log_4_net - oktkr.aspx getDataTable - parametetr name= @data_1 wartosc: 2019-11-01
2019-12-30 21:45:43,409  INFO stat2018.log_4_net - oktkr.aspx getDataTable - parametetr name= @data_2 wartosc: 2019-11-30
2019-12-30 21:45:43,419  INFO stat2018.log_4_net - oktkr.aspx getDataTable - parametetr name= @data_1 wartosc: 2019-11-01
2019-12-30 21:45:43,419  INFO stat2018.log_4_net - oktkr.aspx getDataTable - parametetr name= @data_2 wartosc: 2019-11-30
2019-12-30 21:45:43,439  INFO stat2018.log_4_net - sumowanie w stopce : Okreslony argument jest spoza zakresu prawidlowych wartosci.
Nazwa parametru: index
2019-12-30 21:45:43,440  INFO stat2018.log_4_net - oktkr.aspx :Generowanie tabeli danych: Rozpoczecie
2019-12-30 21:45:43,441  INFO stat2018.log_4_net - oktkr.aspx :Generowanie tabeli danych: Wyciadniecie kwerend dla tabeli :3
2019-12-30 21:45:43,441  INFO stat2018.log_4_net - oktkr.aspx getDataTable - parametetr name= @id_tabeli wartosc: 3
2019-12-30 21:45:43,441  INFO stat2018.log_4_net - oktkr.aspx getDataTable - parametetr name= @id_dzialu wartosc: 2
2019-12-30 21:45:43,445  INFO stat2018.log_4_net - oktkr.aspx :Generowanie tabeli danych: Ilosc kwerend wyciagajacych dla sedziów dla tabeli : 3 wynosi:1
2019-12-30 21:45:43,445  INFO stat2018.log_4_net - oktkr.aspx :Generowanie tabeli danych: Ilosc kwerend wyciagajacych dla danych dla tabeli : 3 wynosi:1
2019-12-30 21:45:43,445  INFO stat2018.log_4_net - oktkr.aspx :Generowanie tabeli danych: Wpisywanie danych sedziów dla tabeli : 3
2019-12-30 21:45:43,445  INFO stat2018.log_4_net - oktkr.aspx getDataTable - parametetr name= @data_1 wartosc: 2019-11-01
2019-12-30 21:45:43,446  INFO stat2018.log_4_net - oktkr.aspx getDataTable - parametetr name= @data_2 wartosc: 2019-11-30
2019-12-30 21:45:43,460  INFO stat2018.log_4_net - oktkr.aspx wpisywanie danych dla sedziów
2019-12-30 21:45:43,460  INFO stat2018.log_4_net - oktkr.aspx getDataTable - parametetr name= @data_1 wartosc: 2019-11-01
2019-12-30 21:45:43,460  INFO stat2018.log_4_net - oktkr.aspx getDataTable - parametetr name= @data_2 wartosc: 2019-11-30
2019-12-30 21:45:43,489  INFO stat2018.log_4_net - oktkr.aspx getDataTable - parametetr name= @data_1 wartosc: 2019-11-01
2019-12-30 21:45:43,489  INFO stat2018.log_4_net - oktkr.aspx getDataTable - parametetr name= @data_2 wartosc: 2019-11-30
2019-12-30 21:45:43,511  INFO stat2018.log_4_net - oktkr.aspx getDataTable - parametetr name= @data_1 wartosc: 2019-11-01
2019-12-30 21:45:43,511  INFO stat2018.log_4_net - oktkr.aspx getDataTable - parametetr name= @data_2 wartosc: 2019-11-30
2019-12-30 21:45:43,549  INFO stat2018.log_4_net - oktkr.aspx getDataTable - parametetr name= @data_1 wartosc: 2019-11-01
2019-12-30 21:45:43,549  INFO stat2018.log_4_net - oktkr.aspx getDataTable - parametetr name= @data_2 wartosc: 2019-11-30
2019-12-30 21:45:43,568  INFO stat2018.log_4_net - oktkr.aspx getDataTable - parametetr name= @data_1 wartosc: 2019-11-01
2019-12-30 21:45:43,568  INFO stat2018.log_4_net - oktkr.aspx getDataTable - parametetr name= @data_2 wartosc: 2019-11-30
2019-12-30 21:45:43,585  INFO stat2018.log_4_net - oktkr.aspx getDataTable - parametetr name= @data_1 wartosc: 2019-11-01
2019-12-30 21:45:43,585  INFO stat2018.log_4_net - oktkr.aspx getDataTable - parametetr name= @data_2 wartosc: 2019-11-30
2019-12-30 21:45:43,608  INFO stat2018.log_4_net - oktkr.aspx getDataTable - parametetr name= @data_1 wartosc: 2019-11-01
2019-12-30 21:45:43,608  INFO stat2018.log_4_net - oktkr.aspx getDataTable - parametetr name= @data_2 wartosc: 2019-11-30
2019-12-30 21:45:43,627  INFO stat2018.log_4_net - oktkr.aspx getDataTable - parametetr name= @data_1 wartosc: 2019-11-01
2019-12-30 21:45:43,627  INFO stat2018.log_4_net - oktkr.aspx getDataTable - parametetr name= @data_2 wartosc: 2019-11-30
2019-12-30 21:45:43,652  INFO stat2018.log_4_net - oktkr.aspx getDataTable - parametetr name= @data_1 wartosc: 2019-11-01
2019-12-30 21:45:43,652  INFO stat2018.log_4_net - oktkr.aspx getDataTable - parametetr name= @data_2 wartosc: 2019-11-30
2019-12-30 21:45:43,742  INFO stat2018.log_4_net - sumowanie w stopce : Okreslony argument jest spoza zakresu prawidlowych wartosci.
Nazwa parametru: index
